<?xml version="1.0" encoding="UTF-8"?>
<!-- Generated by org.testng.reporters.JUnitReportReporter -->
<testsuite skipped="0" hostname="Lipikachawla" name="TestCases.ShowButtonTestCase" tests="2" failures="0" timestamp="01 Oct 2019 09:59:15 GMT" time="10.207" errors="0">
  <testcase name="test" time="8.848" classname="TestCases.ShowButtonTestCase"/>
  <testcase name="verify" time="1.359" classname="TestCases.ShowButtonTestCase"/>
</testsuite> <!-- TestCases.ShowButtonTestCase -->
