<?xml version="1.0" encoding="UTF-8"?>
<!-- Generated by org.testng.reporters.JUnitReportReporter -->
<testsuite skipped="0" hostname="Lipikachawla" name="BaseClass.Driver" tests="1" failures="0" timestamp="26 Sep 2019 06:17:27 GMT" time="14.066" errors="0">
  <testcase name="test1" time="14.066" classname="BaseClass.Driver"/>
</testsuite> <!-- BaseClass.Driver -->
