<?xml version="1.0" encoding="UTF-8"?>
<!-- Generated by org.testng.reporters.JUnitReportReporter -->
<testsuite skipped="0" hostname="Lipikachawla" name="TestCases.ActionBarTestCase" tests="1" failures="0" timestamp="01 Oct 2019 09:59:15 GMT" time="10.623" errors="0">
  <testcase name="check" time="10.623" classname="TestCases.ActionBarTestCase"/>
</testsuite> <!-- TestCases.ActionBarTestCase -->
