<?xml version="1.0" encoding="UTF-8"?>
<!-- Generated by org.testng.reporters.JUnitReportReporter -->
<testsuite skipped="0" hostname="Lipikachawla" name="TestCases.TestCase" tests="1" failures="0" timestamp="27 Sep 2019 11:27:11 GMT" time="18.002" errors="0">
  <testcase name="test" time="18.002" classname="TestCases.TestCase"/>
</testsuite> <!-- TestCases.TestCase -->
