<?xml version="1.0" encoding="UTF-8"?>
<!-- Generated by org.testng.reporters.JUnitReportReporter -->
<testsuite skipped="0" hostname="Lipikachawla" name="Nagarro.Nagarro1.FirstProgram" tests="1" failures="0" timestamp="05 Sep 2019 06:32:25 GMT" time="12.161" errors="0">
  <testcase name="test" time="12.161" classname="Nagarro.Nagarro1.FirstProgram"/>
</testsuite> <!-- Nagarro.Nagarro1.FirstProgram -->
