<?xml version="1.0" encoding="UTF-8"?>
<!-- Generated by org.testng.reporters.JUnitReportReporter -->
<testsuite skipped="0" hostname="Lipikachawla" name="TestCases.ActioBarTestCase" tests="1" failures="0" timestamp="30 Sep 2019 10:23:45 GMT" time="5.539" errors="0">
  <testcase name="check" time="5.539" classname="TestCases.ActioBarTestCase"/>
</testsuite> <!-- TestCases.ActioBarTestCase -->
