<?xml version="1.0" encoding="UTF-8"?>
<!-- Generated by org.testng.reporters.JUnitReportReporter -->
<testsuite skipped="0" hostname="Lipikachawla" name="Nagarro.Nagarro1.FirstProgram" tests="1" failures="0" timestamp="2019-09-05T12:09:13 IST" time="11.406" errors="0">
  <testcase name="test" time="11.406" classname="Nagarro.Nagarro1.FirstProgram"/>
</testsuite> <!-- Nagarro.Nagarro1.FirstProgram -->
